2015-07-21 16:09:36+0530 [scrapy] INFO: Scrapy 0.24.6 started (bot: spiceworks)
2015-07-21 16:09:36+0530 [scrapy] INFO: Optional features available: ssl, http11, django
2015-07-21 16:09:36+0530 [scrapy] INFO: Overridden settings: {'NEWSPIDER_MODULE': 'spiceworks.spiders', 'FEED_FORMAT': 'csv', 'SPIDER_MODULES': ['spiceworks.spiders'], 'FEED_URI': 'topic_items.csv', 'BOT_NAME': 'spiceworks'}
2015-07-21 16:09:36+0530 [scrapy] INFO: Enabled extensions: AutoThrottle, FeedExporter, LogStats, TelnetConsole, CloseSpider, WebService, CoreStats, SpiderState
2015-07-21 16:09:36+0530 [scrapy] INFO: Enabled downloader middlewares: HttpAuthMiddleware, DownloadTimeoutMiddleware, UserAgentMiddleware, RetryMiddleware, DefaultHeadersMiddleware, MetaRefreshMiddleware, HttpCompressionMiddleware, RedirectMiddleware, CookiesMiddleware, ChunkedTransferMiddleware, DownloaderStats
2015-07-21 16:09:36+0530 [scrapy] INFO: Enabled spider middlewares: HttpErrorMiddleware, OffsiteMiddleware, RefererMiddleware, UrlLengthMiddleware, DepthMiddleware
2015-07-21 16:09:36+0530 [scrapy] INFO: Enabled item pipelines: 
2015-07-21 16:09:36+0530 [spiceworks] INFO: Spider opened
2015-07-21 16:09:36+0530 [spiceworks] INFO: Crawled 0 pages (at 0 pages/min), scraped 0 items (at 0 items/min)
2015-07-21 16:10:36+0530 [spiceworks] INFO: Crawled 24 pages (at 24 pages/min), scraped 0 items (at 0 items/min)
2015-07-21 16:11:36+0530 [spiceworks] INFO: Crawled 48 pages (at 24 pages/min), scraped 292 items (at 292 items/min)
2015-07-21 16:12:36+0530 [spiceworks] INFO: Crawled 72 pages (at 24 pages/min), scraped 351 items (at 59 items/min)
2015-07-21 16:13:36+0530 [spiceworks] INFO: Crawled 100 pages (at 28 pages/min), scraped 528 items (at 177 items/min)
2015-07-21 16:14:36+0530 [spiceworks] INFO: Crawled 132 pages (at 32 pages/min), scraped 636 items (at 108 items/min)
2015-07-21 16:15:36+0530 [spiceworks] INFO: Crawled 156 pages (at 24 pages/min), scraped 922 items (at 286 items/min)
2015-07-21 16:16:36+0530 [spiceworks] INFO: Crawled 172 pages (at 16 pages/min), scraped 1211 items (at 289 items/min)
2015-07-21 16:17:36+0530 [spiceworks] INFO: Crawled 188 pages (at 16 pages/min), scraped 1644 items (at 433 items/min)
2015-07-21 16:18:36+0530 [spiceworks] INFO: Crawled 203 pages (at 15 pages/min), scraped 1952 items (at 308 items/min)
2015-07-21 16:19:47+0530 [spiceworks] INFO: Crawled 223 pages (at 20 pages/min), scraped 2135 items (at 183 items/min)
2015-07-21 16:20:36+0530 [spiceworks] INFO: Crawled 232 pages (at 9 pages/min), scraped 2414 items (at 279 items/min)
2015-07-21 16:21:36+0530 [spiceworks] INFO: Crawled 253 pages (at 21 pages/min), scraped 2698 items (at 284 items/min)
2015-07-21 16:22:36+0530 [spiceworks] INFO: Crawled 263 pages (at 10 pages/min), scraped 2886 items (at 188 items/min)
2015-07-21 16:23:36+0530 [spiceworks] INFO: Crawled 276 pages (at 13 pages/min), scraped 3296 items (at 410 items/min)
2015-07-21 16:24:36+0530 [spiceworks] INFO: Crawled 285 pages (at 9 pages/min), scraped 3628 items (at 332 items/min)
2015-07-21 16:25:36+0530 [spiceworks] INFO: Crawled 307 pages (at 22 pages/min), scraped 3808 items (at 180 items/min)
2015-07-21 16:26:39+0530 [spiceworks] INFO: Crawled 323 pages (at 16 pages/min), scraped 4148 items (at 340 items/min)
2015-07-21 16:27:36+0530 [spiceworks] INFO: Crawled 348 pages (at 25 pages/min), scraped 4433 items (at 285 items/min)
2015-07-21 16:28:36+0530 [spiceworks] INFO: Crawled 363 pages (at 15 pages/min), scraped 4773 items (at 340 items/min)
2015-07-21 16:29:36+0530 [spiceworks] INFO: Crawled 368 pages (at 5 pages/min), scraped 4831 items (at 58 items/min)
2015-07-21 16:30:36+0530 [spiceworks] INFO: Crawled 386 pages (at 18 pages/min), scraped 5178 items (at 347 items/min)
2015-07-21 16:31:36+0530 [spiceworks] INFO: Crawled 402 pages (at 16 pages/min), scraped 5341 items (at 163 items/min)
2015-07-21 16:32:36+0530 [spiceworks] INFO: Crawled 428 pages (at 26 pages/min), scraped 5741 items (at 400 items/min)
2015-07-21 16:33:36+0530 [spiceworks] INFO: Crawled 429 pages (at 1 pages/min), scraped 5747 items (at 6 items/min)
2015-07-21 16:34:36+0530 [spiceworks] INFO: Crawled 434 pages (at 5 pages/min), scraped 5771 items (at 24 items/min)
2015-07-21 16:35:37+0530 [spiceworks] INFO: Crawled 460 pages (at 26 pages/min), scraped 6199 items (at 428 items/min)
2015-07-21 16:36:36+0530 [spiceworks] INFO: Crawled 477 pages (at 17 pages/min), scraped 6421 items (at 222 items/min)
2015-07-21 16:37:40+0530 [spiceworks] INFO: Crawled 503 pages (at 26 pages/min), scraped 6654 items (at 233 items/min)
